{2024-09-12 07:26:26,449: INFO: main: welcome to our custom log}
{2024-09-13 20:14:43,535: INFO: common: yaml file: config\config.yaml loaded successfully}
{2024-09-13 20:14:43,545: INFO: common: yaml file: params.yaml loaded successfully}
{2024-09-13 20:15:33,089: INFO: common: yaml file: config\config.yaml loaded successfully}
{2024-09-13 20:15:33,091: INFO: common: yaml file: params.yaml loaded successfully}
{2024-09-13 20:20:56,637: INFO: common: yaml file: config\config.yaml loaded successfully}
{2024-09-13 20:20:56,639: INFO: common: yaml file: params.yaml loaded successfully}
{2024-09-13 20:36:58,927: INFO: common: yaml file: config\config.yaml loaded successfully}
{2024-09-13 20:36:58,928: INFO: common: yaml file: params.yaml loaded successfully}
{2024-09-13 20:38:37,147: INFO: common: yaml file: config\config.yaml loaded successfully}
{2024-09-13 20:38:37,149: INFO: common: yaml file: params.yaml loaded successfully}
{2024-09-13 20:38:55,182: INFO: common: yaml file: config\config.yaml loaded successfully}
{2024-09-13 20:38:55,184: INFO: common: yaml file: params.yaml loaded successfully}
{2024-09-13 20:39:26,400: INFO: common: yaml file: config\config.yaml loaded successfully}
{2024-09-13 20:39:26,402: INFO: common: yaml file: params.yaml loaded successfully}
{2024-09-13 20:40:22,220: INFO: common: yaml file: config\config.yaml loaded successfully}
{2024-09-13 20:40:22,222: INFO: common: yaml file: params.yaml loaded successfully}
{2024-09-13 20:40:22,224: INFO: common: Directory created at artifacts}
{2024-09-13 20:40:22,225: INFO: common: Directory created at artifacts/data_ingestion}
{2024-09-13 20:40:56,639: INFO: common: yaml file: config\config.yaml loaded successfully}
{2024-09-13 20:40:56,642: INFO: common: yaml file: params.yaml loaded successfully}
{2024-09-13 20:40:56,643: INFO: common: Directory created at artifacts}
{2024-09-13 20:40:56,644: INFO: common: Directory created at artifacts/data_ingestion}
{2024-09-13 20:41:05,777: INFO: common: yaml file: config\config.yaml loaded successfully}
{2024-09-13 20:41:05,779: INFO: common: yaml file: params.yaml loaded successfully}
{2024-09-13 20:41:05,781: INFO: common: Directory created at artifacts}
{2024-09-13 20:41:05,782: INFO: common: Directory created at artifacts/data_ingestion}
{2024-09-13 20:41:36,914: INFO: common: yaml file: config\config.yaml loaded successfully}
{2024-09-13 20:41:36,917: INFO: common: yaml file: params.yaml loaded successfully}
{2024-09-13 20:41:36,918: INFO: common: Directory created at artifacts}
{2024-09-13 20:41:36,919: INFO: common: Directory created at artifacts/data_ingestion}
{2024-09-13 20:42:35,544: INFO: common: yaml file: config\config.yaml loaded successfully}
{2024-09-13 20:42:35,545: INFO: common: yaml file: params.yaml loaded successfully}
{2024-09-13 20:42:35,546: INFO: common: Directory created at artifacts}
{2024-09-13 20:42:35,549: INFO: common: Directory created at artifacts/data_ingestion}
{2024-09-13 20:45:33,306: INFO: common: yaml file: config\config.yaml loaded successfully}
{2024-09-13 20:45:33,308: INFO: common: yaml file: params.yaml loaded successfully}
{2024-09-13 20:45:33,309: INFO: common: Directory created at artifacts}
{2024-09-13 20:45:33,310: INFO: common: Directory created at artifacts/data_ingestion}
{2024-09-13 20:45:48,258: INFO: 2981561069: artifacts/data_ingestion/data.zipdownloaded with the following info : 
Connection: close
Content-Length: 7903594
Cache-Control: max-age=300
Content-Security-Policy: default-src 'none'; style-src 'unsafe-inline'; sandbox
Content-Type: application/zip
ETag: "dbc016a060da18070593b83afff580c9b300f0b6ea4147a7988433e04df246ca"
Strict-Transport-Security: max-age=31536000
X-Content-Type-Options: nosniff
X-Frame-Options: deny
X-XSS-Protection: 1; mode=block
X-GitHub-Request-Id: BF0C:35E03B:A9691:C61D9:66E45715
Accept-Ranges: bytes
Date: Fri, 13 Sep 2024 15:15:36 GMT
Via: 1.1 varnish
X-Served-By: cache-maa10222-MAA
X-Cache: MISS
X-Cache-Hits: 0
X-Timer: S1726240535.831816,VS0,VE1219
Vary: Authorization,Accept-Encoding,Origin
Access-Control-Allow-Origin: *
Cross-Origin-Resource-Policy: cross-origin
X-Fastly-Request-ID: 4ebaffd705fcbaa70902e6db1fbc0d563b046a15
Expires: Fri, 13 Sep 2024 15:20:36 GMT
Source-Age: 1

}
{2024-09-13 22:21:55,003: INFO: main: >>>>>stage Data Ingestion Stage started <<<<<<<}
{2024-09-13 22:21:55,005: INFO: common: yaml file: config\config.yaml loaded successfully}
{2024-09-13 22:21:55,006: INFO: common: yaml file: params.yaml loaded successfully}
{2024-09-13 22:21:55,007: INFO: common: Directory created at artifacts}
{2024-09-13 22:21:55,007: INFO: common: Directory created at artifacts/data_ingestion}
{2024-09-13 22:21:55,009: INFO: data_ingestion: file already exists of size: ~7718 KB}
{2024-09-13 22:21:55,154: INFO: main: >>>>>>>> stage Data Ingestion Stage completed <<<<<<

x==================x}
{2024-09-13 22:22:02,286: INFO: main: >>>>>stage Data Ingestion Stage started <<<<<<<}
{2024-09-13 22:22:02,288: INFO: common: yaml file: config\config.yaml loaded successfully}
{2024-09-13 22:22:02,288: INFO: common: yaml file: params.yaml loaded successfully}
{2024-09-13 22:22:02,289: INFO: common: Directory created at artifacts}
{2024-09-13 22:22:02,289: INFO: common: Directory created at artifacts/data_ingestion}
{2024-09-13 22:22:02,289: INFO: data_ingestion: file already exists of size: ~7718 KB}
{2024-09-13 22:22:02,412: INFO: main: >>>>>>>> stage Data Ingestion Stage completed <<<<<<

x==================x}
{2024-09-13 22:22:02,743: INFO: main: >>>>>stage Data Ingestion Stage started <<<<<<<}
{2024-09-13 22:22:02,745: INFO: common: yaml file: config\config.yaml loaded successfully}
{2024-09-13 22:22:02,746: INFO: common: yaml file: params.yaml loaded successfully}
{2024-09-13 22:22:02,746: INFO: common: Directory created at artifacts}
{2024-09-13 22:22:02,747: INFO: common: Directory created at artifacts/data_ingestion}
{2024-09-13 22:22:02,747: INFO: data_ingestion: file already exists of size: ~7718 KB}
{2024-09-13 22:22:02,883: INFO: main: >>>>>>>> stage Data Ingestion Stage completed <<<<<<

x==================x}
{2024-09-13 22:22:20,451: INFO: main: >>>>>stage Data Ingestion Stage started <<<<<<<}
{2024-09-13 22:22:20,452: INFO: common: yaml file: config\config.yaml loaded successfully}
{2024-09-13 22:22:20,453: INFO: common: yaml file: params.yaml loaded successfully}
{2024-09-13 22:22:20,454: INFO: common: Directory created at artifacts}
{2024-09-13 22:22:20,454: INFO: common: Directory created at artifacts/data_ingestion}
{2024-09-13 22:22:35,011: INFO: data_ingestion: artifacts/data_ingestion/data.zipdownloaded with the following info : 
Connection: close
Content-Length: 7903594
Cache-Control: max-age=300
Content-Security-Policy: default-src 'none'; style-src 'unsafe-inline'; sandbox
Content-Type: application/zip
ETag: "dbc016a060da18070593b83afff580c9b300f0b6ea4147a7988433e04df246ca"
Strict-Transport-Security: max-age=31536000
X-Content-Type-Options: nosniff
X-Frame-Options: deny
X-XSS-Protection: 1; mode=block
X-GitHub-Request-Id: 13B1:3996DE:16E68:1BBF6:66E46DC5
Accept-Ranges: bytes
Date: Fri, 13 Sep 2024 16:52:22 GMT
Via: 1.1 varnish
X-Served-By: cache-maa10228-MAA
X-Cache: MISS
X-Cache-Hits: 0
X-Timer: S1726246342.981804,VS0,VE718
Vary: Authorization,Accept-Encoding,Origin
Access-Control-Allow-Origin: *
Cross-Origin-Resource-Policy: cross-origin
X-Fastly-Request-ID: 2b75e343d2bdf96e244905f141c8d4024fc090af
Expires: Fri, 13 Sep 2024 16:57:22 GMT
Source-Age: 0

}
{2024-09-13 22:22:35,201: INFO: main: >>>>>>>> stage Data Ingestion Stage completed <<<<<<

x==================x}
